{
  "RSpec": {
    "coverage": {
      "C:/Users/HP POWER/Desktop/IngeSoft-RUBY/tenis/INGE-BUSCAMINAS/Buscaminas - ProyInge/spec/buscaminas_spec.rb": {
        "lines": [
          1,
          null,
          1,
          null,
          1,
          1,
          1,
          null,
          null,
          1,
          1,
          1,
          1,
          null,
          1,
          1,
          1,
          null,
          null,
          null
        ]
      },
      "C:/Users/HP POWER/Desktop/IngeSoft-RUBY/tenis/INGE-BUSCAMINAS/Buscaminas - ProyInge/lib/buscaminas.rb": {
        "lines": [
          1,
          null,
          1,
          3,
          3,
          3,
          null,
          null,
          1,
          1,
          1,
          null,
          null,
          1,
          1,
          null,
          null,
          1,
          1,
          1,
          7,
          7,
          49,
          49,
          49,
          null,
          7,
          null,
          1,
          null,
          null,
          1,
          50,
          null,
          null,
          null
        ]
      }
    },
    "timestamp": 1605152102
  }
}
